<?xml version="1.0" encoding="UTF-8"?>
<!-- Generated by org.testng.reporters.JUnitReportReporter -->
<testsuite hostname="LAPTOP-KJNNN8MQ" failures="0" tests="2" name="Loans.Gold_Loan" time="0.013" errors="0" timestamp="2023-02-28T13:44:28 IST" skipped="0">
  <testcase classname="Loans.Gold_Loan" name="GoldEMI" time="0.011"/>
  <system-out/>
  <testcase classname="Loans.Gold_Loan" name="GoldCollateral" time="0.002"/>
  <system-out/>
</testsuite> <!-- Loans.Gold_Loan -->
