<?xml version="1.0" encoding="UTF-8"?>
<!-- Generated by org.testng.reporters.JUnitReportReporter -->
<testsuite hostname="LAPTOP-KJNNN8MQ" failures="0" tests="2" name="Loans.Bike_Loan" time="0.013" errors="0" timestamp="2023-02-28T14:17:18 IST" skipped="0">
  <testcase classname="Loans.Bike_Loan" name="Secured" time="0.010"/>
  <system-out/>
  <testcase classname="Loans.Bike_Loan" name="Unsecured" time="0.003"/>
  <system-out/>
</testsuite> <!-- Loans.Bike_Loan -->
