<?xml version="1.0" encoding="UTF-8"?>
<!-- Generated by org.testng.reporters.JUnitReportReporter -->
<testsuite hostname="LAPTOP-KJNNN8MQ" failures="0" tests="3" name="Loans.Car_Loan" time="0.007" errors="0" timestamp="2023-02-28T13:44:28 IST" skipped="0">
  <testcase classname="Loans.Car_Loan" name="OldCar" time="0.003"/>
  <system-out/>
  <testcase classname="Loans.Car_Loan" name="OldCar" time="0.002"/>
  <system-out/>
  <testcase classname="Loans.Car_Loan" name="NewCar" time="0.002"/>
  <system-out/>
</testsuite> <!-- Loans.Car_Loan -->
